mode: set
example.com/m/controllers/project_controller.go:61.99,68.72 3 0
example.com/m/controllers/project_controller.go:71.2,102.85 2 0
example.com/m/controllers/project_controller.go:108.2,110.42 3 0
example.com/m/controllers/project_controller.go:125.2,125.63 1 0
example.com/m/controllers/project_controller.go:135.2,135.27 1 0
example.com/m/controllers/project_controller.go:68.72,70.3 1 0
example.com/m/controllers/project_controller.go:102.85,105.3 1 0
example.com/m/controllers/project_controller.go:110.42,113.17 2 0
example.com/m/controllers/project_controller.go:119.3,119.28 1 0
example.com/m/controllers/project_controller.go:113.17,116.4 1 0
example.com/m/controllers/project_controller.go:120.8,120.23 1 0
example.com/m/controllers/project_controller.go:120.23,123.3 1 0
example.com/m/controllers/project_controller.go:125.63,129.17 3 0
example.com/m/controllers/project_controller.go:129.17,132.4 1 0
example.com/m/controllers/project_controller.go:166.70,170.2 1 0
